make all --print-data-base --no-builtin-variables --no-builtin-rules --question
make -C mind_discovery
 
# GNU Make 4.3
# Built for x86_64-pc-linux-gnu
# Copyright (C) 1988-2020 Free Software Foundation, Inc.
# License GPLv3+: GNU GPL version 3 or later <http://gnu.org/licenses/gpl.html>
# This is free software: you are free to change and redistribute it.
# There is NO WARRANTY, to the extent permitted by law.

# Make data base, printed on Tue May  2 14:52:38 2023

# Variables

# environment
GDK_BACKEND = x11
# environment
LC_ALL = C
# environment
OSH = /home/denis/.oh-my-bash
# environment
GJS_DEBUG_OUTPUT = stderr
# environment
MANDATORY_PATH = /usr/share/gconf/cinnamon.mandatory.path
# environment
LC_NAME = ru_RU.UTF-8
# environment
LC_NUMERIC = ru_RU.UTF-8
# environment
VSCODE_CRASH_REPORTER_PROCESS_TYPE = extensionHost
# environment
VSCODE_CWD = /home/denis
# environment
LC_ADDRESS = ru_RU.UTF-8
# environment
LIBVIRT_DEFAULT_URI = qemu:///system
# environment
GDM_LANG = en_US
# default
MAKE_COMMAND := make
# environment
GTK3_MODULES = xapp-gtk3-module
# environment
QT_ACCESSIBILITY = 1
# environment
GOPATH = /home/denis/go
# automatic
@D = $(patsubst %/,%,$(dir $@))
# environment
VSCODE_HANDLES_UNCAUGHT_ERRORS = true
# default
.VARIABLES := 
# environment
PWD = /home/denis/Desktop/hostutils
# automatic
%D = $(patsubst %/,%,$(dir $%))
# environment
LSCOLORS = Gxfxcxdxdxegedabagacad
# environment
XDG_DATA_DIRS = /usr/share/cinnamon:/usr/share/gnome:/home/denis/.local/share/flatpak/exports/share:/var/lib/flatpak/exports/share:/usr/local/share:/usr/share
# automatic
^D = $(patsubst %/,%,$(dir $^))
# automatic
%F = $(notdir $%)
# environment
VSCODE_CODE_CACHE_PATH = /home/denis/.config/Code/CachedData/b7886d7461186a5eac768481578c1d7ca80e2d21
# environment
XDG_SESSION_PATH = /org/freedesktop/DisplayManager/Session0
# environment
LANG = C
# environment
XAUTHORITY = /home/denis/.Xauthority
# default
.LOADED := 
# default
.INCLUDE_DIRS = /usr/local/include /usr/include /usr/include
# makefile
MAKEFLAGS = pqrRw
# makefile
CURDIR := /home/denis/Desktop/hostutils/mind_discovery
# environment
LESSOPEN = | /usr/bin/lesspipe %s
# automatic
*D = $(patsubst %/,%,$(dir $*))
# environment
MFLAGS = -pqrRw
# environment
SSH_AUTH_SOCK = /run/user/1000/keyring/ssh
# default
.SHELLFLAGS := -c
# environment
XDG_CONFIG_DIRS = /etc/xdg/xdg-cinnamon:/etc/xdg
# automatic
+D = $(patsubst %/,%,$(dir $+))
# environment
XDG_SESSION_DESKTOP = cinnamon
# makefile (from 'Makefile', line 1)
MAKEFILE_LIST := Makefile
# automatic
@F = $(notdir $@)
# environment
VSCODE_PID = 10626
# environment
HISTIGNORE = &:[ ]*:exit:ls:bg:fg:history:clear
# environment
XDG_SESSION_TYPE = x11
# automatic
?D = $(patsubst %/,%,$(dir $?))
# environment
SESSION_MANAGER = local/workpc:@/tmp/.ICE-unix/2051,unix/workpc:/tmp/.ICE-unix/2051
# automatic
*F = $(notdir $*)
# environment
QT_QPA_PLATFORMTHEME = qt5ct
# environment
CHROME_DESKTOP = code-url-handler.desktop
# environment
DBUS_SESSION_BUS_ADDRESS = unix:path=/run/user/1000/bus
# automatic
<D = $(patsubst %/,%,$(dir $<))
# environment
VSCODE_NLS_CONFIG = {"locale":"en-us","osLocale":"en-us","availableLanguages":{},"_languagePackSupport":true}
# default
MAKE_HOST := x86_64-pc-linux-gnu
# environment
GNOME_DESKTOP_SESSION_ID = this-is-deprecated
# makefile
SHELL = /bin/sh
# environment
GJS_DEBUG_TOPICS = JS ERROR;JS LOG
# environment
SHLVL = 0
# environment
MAKELEVEL := 1
# default
MAKE = $(MAKE_COMMAND)
# environment
PATH = /home/denis/.local/bin:/home/denis/.local/bin:/usr/local/sbin:/usr/local/bin:/usr/sbin:/usr/bin:/sbin:/bin:/usr/games:/usr/local/games:/snap/bin:/home/denis/.local/share/JetBrains/Toolbox/scripts:/usr/local/go/bin:/home/denis/go/bin:/home/denis/.local/share/JetBrains/Toolbox/scripts
# default
MAKEFILES := 
# environment
LANGUAGE = en_US
# environment
LC_MONETARY = ru_RU.UTF-8
# automatic
^F = $(notdir $^)
# environment
CINNAMON_VERSION = 5.4.8
# environment
LC_TELEPHONE = ru_RU.UTF-8
# environment
LESSCLOSE = /usr/bin/lesspipe %s %s
# automatic
?F = $(notdir $?)
# environment
XDG_SEAT = seat0
# environment
XDG_CURRENT_DESKTOP = X-Cinnamon
# automatic
+F = $(notdir $+)
# environment
XDG_SEAT_PATH = /org/freedesktop/DisplayManager/Seat0
# environment
LESS = -R
# environment
DESKTOP_SESSION = cinnamon
# environment
ORIGINAL_XDG_CURRENT_DESKTOP = X-Cinnamon
# makefile (from 'Makefile', line 2)
INSTALLPREFIX := "../binaries"
# 'override' directive
GNUMAKEFLAGS := 
# environment
LOGNAME = denis
# environment
define COMP_WORDBREAKS
 	
"'><=;|&(
endef
# environment
GIO_LAUNCHED_DESKTOP_FILE = /usr/share/applications/code.desktop
# environment
XDG_VTNR = 7
# makefile
.DEFAULT_GOAL := mind_discovery
# environment
EDITOR = vim
# environment
DISPLAY = :0
# environment
USER = denis
# environment
GTK_MODULES = gail:atk-bridge
# environment
DEFAULTS_PATH = /usr/share/gconf/cinnamon.default.path
# default
MAKE_VERSION := 4.3
# environment
LC_MEASUREMENT = ru_RU.UTF-8
# environment
GIO_LAUNCHED_DESKTOP_FILE_PID = 10626
# environment
PAGER = less
# environment
_ = /usr/share/code/code
# environment
LC_PAPER = ru_RU.UTF-8
# environment
XDG_RUNTIME_DIR = /run/user/1000
# environment
GPG_AGENT_INFO = /run/user/1000/gnupg/S.gpg-agent:0:1
# environment
LC_CTYPE = en_US.UTF-8
# environment
GTK_OVERLAY_SCROLLING = 1
# environment
GOMODCACHE = /home/denis/go/pkg/mod
# environment
XDG_SESSION_CLASS = user
# makefile (from 'Makefile', line 5)
FILENAME := "mind_discovery"
# environment
VSCODE_AMD_ENTRYPOINT = vs/workbench/api/node/extensionHostProcess
# environment
HOME = /home/denis
# environment
ELECTRON_RUN_AS_NODE = 1
# environment
VSCODE_IPC_HOOK = /run/user/1000/vscode-5e0b0481-1.77-main.sock
# environment
XDG_SESSION_ID = c2
# environment
GOPROXY = https://proxy.golang.org,direct
# default
.RECIPEPREFIX := 
# automatic
<F = $(notdir $<)
# default
SUFFIXES := 
# environment
XDG_GREETER_DATA_DIR = /var/lib/lightdm-data/denis
# default
.FEATURES := target-specific order-only second-expansion else-if shortest-stem undefine oneshell nocomment grouped-target extra-prereqs archives jobserver output-sync check-symlink load
# environment
GDMSESSION = cinnamon
# environment
LC_IDENTIFICATION = ru_RU.UTF-8
# variable set hash-table stats:
# Load=115/1024=11%, Rehash=0, Collisions=8/152=5%

# Pattern-specific Variable Values

# No pattern-specific variable values.

# Directories

# . (device 2066, inode 11956549): 6 files, no impossibilities.

# 6 files, no impossibilities in 1 directories.

# Implicit Rules

# No implicit rules.

# Files

# Not a target:
Makefile:
#  Implicit rule search has been done.
#  Last modified 2023-05-02 12:31:11.217712425
#  File has been updated.
#  Successfully updated.

deploy-dev1:
#  Implicit rule search has not been done.
#  Modification time never checked.
#  File has not been updated.
#  recipe to execute (from 'Makefile', line 19):
	scp $(FILENAME) root@dev1.mindsw.io:/opt/mind/hostutils

clean:
#  Implicit rule search has not been done.
#  Modification time never checked.
 
#  File has not been updated.
 
#  recipe to execute (from 'Makefile', line 15):
 
	rm -f $(FILENAME)
 
	rm -f sfdisk.static
 

 
# Not a target:
 
.DEFAULT:
 
#  Implicit rule search has not been done.
 
#  Modification time never checked.
 
#  File has not been updated.
 

 
mind_discovery:
 
#  Implicit rule search has not been done.
 
#  Implicit/static pattern stem: ''
 
#  File does not exist.
 
#  File has been updated.
 
#  Needs to be updated (-q is set).
 
# automatic
 
# @ := mind_discovery
 
# automatic
 
# * := 
 
# automatic
 
# < := 
 
# automatic
 
# + := 
 
# automatic
 
# % := 
 
# automatic
 
# ^ := 
 
# automatic
 
# ? := 
 
# automatic
 
# | := 
 
# variable set hash-table stats:
 
# Load=8/32=25%, Rehash=0, Collisions=3/12=25%
 
#  recipe to execute (from 'Makefile', line 8):
 
	cp -r ../utils/sfdisk.static sfdisk.static
 
	CGO_ENABLED=0 GOOS=linux go build -ldflags '-w -s' -buildvcs=false -o $(FILENAME) -a
 

 
deploy-dev:
 
#  Implicit rule search has not been done.
 
#  Modification time never checked.
 
#  File has not been updated.
 
#  recipe to execute (from 'Makefile', line 22):
 
	scp $(FILENAME) root@dev.mindsw.io:/opt/mind/hostutils
 

 
install:
 
#  Implicit rule search has not been done.
 
#  Modification time never checked.
 
#  File has not been updated.
 
#  recipe to execute (from 'Makefile', line 12):
 
	cp -r $(FILENAME) $(INSTALLPREFIX)
 

 
# Not a target:
 
.SUFFIXES:
 
#  Implicit rule search has not been done.
 
#  Modification time never checked.
 
#  File has not been updated.
 

# files hash-table stats:
 
# Load=8/1024=1%, Rehash=0, Collisions=0/20=0%
# VPATH Search Paths
 

 
# No 'vpath' search paths.
 

 
# No general ('VPATH' variable) search path.
 

 
# strcache buffers: 1 (0) / strings = 15 / storage = 156 B / avg = 10 B
 
# current buf: size = 8162 B / used = 156 B / count = 15 / avg = 10 B
 

 
# strcache performance: lookups = 25 / hit rate = 40%
 
# hash-table stats:
 
# Load=15/8192=0%, Rehash=0, Collisions=0/25=0%
# Finished Make data base on Tue May  2 14:52:38 2023

# GNU Make 4.3
# Built for x86_64-pc-linux-gnu
# Copyright (C) 1988-2020 Free Software Foundation, Inc.
# License GPLv3+: GNU GPL version 3 or later <http://gnu.org/licenses/gpl.html>
# This is free software: you are free to change and redistribute it.
# There is NO WARRANTY, to the extent permitted by law.

# Make data base, printed on Tue May  2 14:52:38 2023

# Variables

# environment
GDK_BACKEND = x11
# environment
LC_ALL = C
# environment
OSH = /home/denis/.oh-my-bash
# environment
GJS_DEBUG_OUTPUT = stderr
# environment
MANDATORY_PATH = /usr/share/gconf/cinnamon.mandatory.path
# environment
LC_NAME = ru_RU.UTF-8
# environment
LC_NUMERIC = ru_RU.UTF-8
# environment
VSCODE_CRASH_REPORTER_PROCESS_TYPE = extensionHost
# environment
VSCODE_CWD = /home/denis
# environment
LC_ADDRESS = ru_RU.UTF-8
# environment
LIBVIRT_DEFAULT_URI = qemu:///system
# environment
GDM_LANG = en_US
# default
MAKE_COMMAND := make
# environment
GTK3_MODULES = xapp-gtk3-module
# environment
QT_ACCESSIBILITY = 1
# environment
GOPATH = /home/denis/go
# automatic
@D = $(patsubst %/,%,$(dir $@))
# environment
VSCODE_HANDLES_UNCAUGHT_ERRORS = true
# default
.VARIABLES := 
# environment
PWD = /home/denis/Desktop/hostutils
# automatic
%D = $(patsubst %/,%,$(dir $%))
# environment
LSCOLORS = Gxfxcxdxdxegedabagacad
# environment
XDG_DATA_DIRS = /usr/share/cinnamon:/usr/share/gnome:/home/denis/.local/share/flatpak/exports/share:/var/lib/flatpak/exports/share:/usr/local/share:/usr/share
# automatic
^D = $(patsubst %/,%,$(dir $^))
# automatic
%F = $(notdir $%)
# environment
VSCODE_CODE_CACHE_PATH = /home/denis/.config/Code/CachedData/b7886d7461186a5eac768481578c1d7ca80e2d21
# environment
XDG_SESSION_PATH = /org/freedesktop/DisplayManager/Session0
# environment
LANG = C
# environment
XAUTHORITY = /home/denis/.Xauthority
# default
.LOADED := 
# default
.INCLUDE_DIRS = /usr/local/include /usr/include /usr/include
# makefile
MAKEFLAGS = pqrR
# makefile
CURDIR := /home/denis/Desktop/hostutils
# environment
LESSOPEN = | /usr/bin/lesspipe %s
# automatic
*D = $(patsubst %/,%,$(dir $*))
# environment
MFLAGS = -pqrR
# environment
SSH_AUTH_SOCK = /run/user/1000/keyring/ssh
# default
.SHELLFLAGS := -c
# environment
XDG_CONFIG_DIRS = /etc/xdg/xdg-cinnamon:/etc/xdg
# automatic
+D = $(patsubst %/,%,$(dir $+))
# environment
XDG_SESSION_DESKTOP = cinnamon
# makefile (from 'Makefile', line 1)
MAKEFILE_LIST := Makefile
# automatic
@F = $(notdir $@)
# environment
VSCODE_PID = 10626
# environment
HISTIGNORE = &:[ ]*:exit:ls:bg:fg:history:clear
# environment
XDG_SESSION_TYPE = x11
# automatic
?D = $(patsubst %/,%,$(dir $?))
# environment
SESSION_MANAGER = local/workpc:@/tmp/.ICE-unix/2051,unix/workpc:/tmp/.ICE-unix/2051
# automatic
*F = $(notdir $*)
# environment
QT_QPA_PLATFORMTHEME = qt5ct
# environment
CHROME_DESKTOP = code-url-handler.desktop
# environment
DBUS_SESSION_BUS_ADDRESS = unix:path=/run/user/1000/bus
# automatic
<D = $(patsubst %/,%,$(dir $<))
# environment
VSCODE_NLS_CONFIG = {"locale":"en-us","osLocale":"en-us","availableLanguages":{},"_languagePackSupport":true}
# default
MAKE_HOST := x86_64-pc-linux-gnu
# environment
GNOME_DESKTOP_SESSION_ID = this-is-deprecated
# makefile
SHELL = /bin/sh
# default
MAKECMDGOALS := all
# environment
GJS_DEBUG_TOPICS = JS ERROR;JS LOG
# environment
SHLVL = 0
# environment
MAKELEVEL := 0
# default
MAKE = $(MAKE_COMMAND)
# environment
PATH = /home/denis/.local/bin:/home/denis/.local/bin:/usr/local/sbin:/usr/local/bin:/usr/sbin:/usr/bin:/sbin:/bin:/usr/games:/usr/local/games:/snap/bin:/home/denis/.local/share/JetBrains/Toolbox/scripts:/usr/local/go/bin:/home/denis/go/bin:/home/denis/.local/share/JetBrains/Toolbox/scripts
# default
MAKEFILES := 
# environment
LANGUAGE = en_US
# environment
LC_MONETARY = ru_RU.UTF-8
# automatic
^F = $(notdir $^)
# environment
CINNAMON_VERSION = 5.4.8
# environment
LC_TELEPHONE = ru_RU.UTF-8
# environment
LESSCLOSE = /usr/bin/lesspipe %s %s
# automatic
?F = $(notdir $?)
# environment
XDG_SEAT = seat0
# environment
XDG_CURRENT_DESKTOP = X-Cinnamon
# automatic
+F = $(notdir $+)
# environment
XDG_SEAT_PATH = /org/freedesktop/DisplayManager/Seat0
# environment
LESS = -R
# environment
DESKTOP_SESSION = cinnamon
# environment
ORIGINAL_XDG_CURRENT_DESKTOP = X-Cinnamon
# makefile (from 'Makefile', line 4)
INSTALLPREFIX := "`pwd`/binaries"
# 'override' directive
GNUMAKEFLAGS := 
# environment
LOGNAME = denis
# environment
define COMP_WORDBREAKS
 	
"'><=;|&(
endef
# environment
GIO_LAUNCHED_DESKTOP_FILE = /usr/share/applications/code.desktop
# environment
XDG_VTNR = 7
# makefile
.DEFAULT_GOAL := all
# environment
EDITOR = vim
# environment
DISPLAY = :0
# environment
USER = denis
# environment
GTK_MODULES = gail:atk-bridge
# environment
DEFAULTS_PATH = /usr/share/gconf/cinnamon.default.path
# default
MAKE_VERSION := 4.3
# environment
LC_MEASUREMENT = ru_RU.UTF-8
# environment
GIO_LAUNCHED_DESKTOP_FILE_PID = 10626
# environment
PAGER = less
# environment
_ = /usr/share/code/code
# environment
LC_PAPER = ru_RU.UTF-8
# environment
XDG_RUNTIME_DIR = /run/user/1000
# environment
GPG_AGENT_INFO = /run/user/1000/gnupg/S.gpg-agent:0:1
# environment
LC_CTYPE = en_US.UTF-8
# environment
GTK_OVERLAY_SCROLLING = 1
# environment
GOMODCACHE = /home/denis/go/pkg/mod
# environment
XDG_SESSION_CLASS = user
# environment
VSCODE_AMD_ENTRYPOINT = vs/workbench/api/node/extensionHostProcess
# environment
HOME = /home/denis
# environment
ELECTRON_RUN_AS_NODE = 1
# environment
VSCODE_IPC_HOOK = /run/user/1000/vscode-5e0b0481-1.77-main.sock
# environment
XDG_SESSION_ID = c2
# environment
GOPROXY = https://proxy.golang.org,direct
# default
.RECIPEPREFIX := 
# automatic
<F = $(notdir $<)
# default
SUFFIXES := 
# environment
XDG_GREETER_DATA_DIR = /var/lib/lightdm-data/denis
# default
.FEATURES := target-specific order-only second-expansion else-if shortest-stem undefine oneshell nocomment grouped-target extra-prereqs archives jobserver output-sync check-symlink load
# environment
GDMSESSION = cinnamon
# environment
LC_IDENTIFICATION = ru_RU.UTF-8
# variable set hash-table stats:
# Load=115/1024=11%, Rehash=0, Collisions=18/169=11%

# Pattern-specific Variable Values

# No pattern-specific variable values.

# Directories

# . (device 2066, inode 11935150): 23 files, no impossibilities.

# 23 files, no impossibilities in 1 directories.

# Implicit Rules

# No implicit rules.

# Files

# Not a target:
Makefile:
#  Implicit rule search has been done.
#  Last modified 2023-05-02 12:31:11.217712425
#  File has been updated.
#  Successfully updated.

clean:
#  Implicit rule search has not been done.
#  Modification time never checked.
#  File has not been updated.
#  recipe to execute (from 'Makefile', line 41):
	$(MAKE) -C mind_discovery clean
	$(MAKE) -C mind_flow clean
 
	$(MAKE) -C mind_receiver clean
	$(MAKE) -C mind_targetcheckout clean
	$(MAKE) -C mind_targetdiskprep clean
	$(MAKE) -C mind_targetprep clean
	$(MAKE) -C mind_reboot clean
	$(MAKE) -C mind_shutdown clean
	$(MAKE) -C mind_agentsetup clean
	$(MAKE) -C mind_migration clean
	$(MAKE) -C windows clean
	rm -rf $(INSTALLPREFIX)

buildlinux:
#  Implicit rule search has not been done.
#  Implicit/static pattern stem: ''
#  Modification time never checked.
#  File has been updated.
#  Needs to be updated (-q is set).
# automatic
# @ := buildlinux
# automatic
# * := 
# automatic
# < := 
# automatic
# + := 
# automatic
# % := 
# automatic
# ^ := 
# automatic
# ? := 
# automatic
# | := 
# variable set hash-table stats:
# Load=8/32=25%, Rehash=0, Collisions=11/31=35%
#  recipe to execute (from 'Makefile', line 15):
	$(MAKE) -C mind_discovery
	$(MAKE) -C mind_flow
	$(MAKE) -C mind_receiver
	$(MAKE) -C mind_targetcheckout
	$(MAKE) -C mind_targetdiskprep
	$(MAKE) -C mind_targetprep
	$(MAKE) -C mind_reboot
	$(MAKE) -C mind_shutdown
	$(MAKE) -C mind_agentsetup
	$(MAKE) -C mind_migration

# Not a target:
.DEFAULT:
#  Implicit rule search has not been done.
#  Modification time never checked.
#  File has not been updated.

all: build
#  Command line target.
#  Implicit rule search has been done.
#  File does not exist.
#  File has not been updated.
# variable set hash-table stats:
# Load=0/32=0%, Rehash=0, Collisions=0/23=0%

build: buildlinux buildwin
#  Implicit rule search has been done.
#  File does not exist.
#  File has not been updated.
# variable set hash-table stats:
# Load=0/32=0%, Rehash=0, Collisions=0/23=0%

install:
#  Implicit rule search has not been done.
#  Modification time never checked.
#  File has not been updated.
#  recipe to execute (from 'Makefile', line 27):
	mkdir -p $(INSTALLPREFIX)
	$(MAKE) -C mind_discovery install INSTALLPREFIX="$(INSTALLPREFIX)"
	$(MAKE) -C mind_flow install INSTALLPREFIX="$(INSTALLPREFIX)"
	$(MAKE) -C mind_receiver install INSTALLPREFIX="$(INSTALLPREFIX)"
	$(MAKE) -C mind_targetcheckout install INSTALLPREFIX="$(INSTALLPREFIX)"
	$(MAKE) -C mind_targetdiskprep install INSTALLPREFIX="$(INSTALLPREFIX)"
	$(MAKE) -C mind_targetprep install INSTALLPREFIX="$(INSTALLPREFIX)"
	$(MAKE) -C mind_reboot install INSTALLPREFIX="$(INSTALLPREFIX)"
	$(MAKE) -C mind_shutdown install INSTALLPREFIX="$(INSTALLPREFIX)"
	$(MAKE) -C mind_agentsetup install INSTALLPREFIX="$(INSTALLPREFIX)"
	$(MAKE) -C mind_migration install INSTALLPREFIX="$(INSTALLPREFIX)"
	$(MAKE) -C windows install INSTALLPREFIX="$(INSTALLPREFIX)"

# Not a target:
.SUFFIXES:
#  Implicit rule search has not been done.
#  Modification time never checked.
#  File has not been updated.

buildwin:
#  Implicit rule search has not been done.
#  Modification time never checked.
#  File has not been updated.
#  recipe to execute (from 'Makefile', line 12):
	$(MAKE) -C windows/

# files hash-table stats:
# Load=9/1024=1%, Rehash=0, Collisions=0/28=0%
# VPATH Search Paths

# No 'vpath' search paths.

# No general ('VPATH' variable) search path.

# strcache buffers: 1 (0) / strings = 33 / storage = 340 B / avg = 10 B
# current buf: size = 8162 B / used = 340 B / count = 33 / avg = 10 B

# strcache performance: lookups = 48 / hit rate = 31%
# hash-table stats:
# Load=33/8192=0%, Rehash=0, Collisions=0/48=0%
# Finished Make data base on Tue May  2 14:52:38 2023

 
