make all --print-data-base --no-builtin-variables --no-builtin-rules --question
# GNU Make 4.3
# Built for x86_64-pc-linux-gnu
# Copyright (C) 1988-2020 Free Software Foundation, Inc.
# License GPLv3+: GNU GPL version 3 or later <http://gnu.org/licenses/gpl.html>
# This is free software: you are free to change and redistribute it.
# There is NO WARRANTY, to the extent permitted by law.

# Make data base, printed on Tue Apr 11 20:58:12 2023

# Variables

# environment
GDK_BACKEND = x11
# environment
LC_ALL = C
# environment
OSH = /home/denis/.oh-my-bash
# environment
GJS_DEBUG_OUTPUT = stderr
# environment
MANDATORY_PATH = /usr/share/gconf/cinnamon.mandatory.path
# environment
LC_NAME = ru_RU.UTF-8
# environment
LC_NUMERIC = ru_RU.UTF-8
# environment
VSCODE_CRASH_REPORTER_PROCESS_TYPE = extensionHost
# environment
VSCODE_CWD = /home/denis
# environment
LC_ADDRESS = ru_RU.UTF-8
# environment
LIBVIRT_DEFAULT_URI = qemu:///system
# environment
GDM_LANG = en_US
# default
MAKE_COMMAND := make
# environment
GTK3_MODULES = xapp-gtk3-module
# environment
QT_ACCESSIBILITY = 1
# environment
GOPATH = /home/denis/go
# automatic
@D = $(patsubst %/,%,$(dir $@))
# environment
VSCODE_HANDLES_UNCAUGHT_ERRORS = true
# default
.VARIABLES := 
# environment
PWD = /home/denis/Desktop/orchestrator
# automatic
%D = $(patsubst %/,%,$(dir $%))
# environment
LSCOLORS = Gxfxcxdxdxegedabagacad
# environment
XDG_DATA_DIRS = /usr/share/cinnamon:/usr/share/gnome:/home/denis/.local/share/flatpak/exports/share:/var/lib/flatpak/exports/share:/usr/local/share:/usr/share
# automatic
^D = $(patsubst %/,%,$(dir $^))
# automatic
%F = $(notdir $%)
# environment
VSCODE_CODE_CACHE_PATH = /home/denis/.config/Code/CachedData/b7886d7461186a5eac768481578c1d7ca80e2d21
# environment
XDG_SESSION_PATH = /org/freedesktop/DisplayManager/Session0
# environment
LANG = C
# environment
XAUTHORITY = /home/denis/.Xauthority
# default
.LOADED := 
# default
.INCLUDE_DIRS = /usr/local/include /usr/include /usr/include
# makefile
MAKEFLAGS = pqrR
# makefile
CURDIR := /home/denis/Desktop/orchestrator
# environment
LESSOPEN = | /usr/bin/lesspipe %s
# automatic
*D = $(patsubst %/,%,$(dir $*))
# makefile (from 'Makefile', line 6)
VERSION := feature/go-9/jobworker_agent_integration
# environment
MFLAGS = -pqrR
# environment
SSH_AUTH_SOCK = /run/user/1000/keyring/ssh
# default
.SHELLFLAGS := -c
# environment
XDG_CONFIG_DIRS = /etc/xdg/xdg-cinnamon:/etc/xdg
# automatic
+D = $(patsubst %/,%,$(dir $+))
# environment
XDG_SESSION_DESKTOP = cinnamon
# makefile (from 'Makefile', line 1)
MAKEFILE_LIST := Makefile
# automatic
@F = $(notdir $@)
# environment
VSCODE_PID = 1508752
# environment
HISTIGNORE = &:[ ]*:exit:ls:bg:fg:history:clear
# environment
XDG_SESSION_TYPE = x11
# automatic
?D = $(patsubst %/,%,$(dir $?))
# environment
SESSION_MANAGER = local/workpc:@/tmp/.ICE-unix/2060,unix/workpc:/tmp/.ICE-unix/2060
# automatic
*F = $(notdir $*)
# environment
QT_QPA_PLATFORMTHEME = qt5ct
# environment
CHROME_DESKTOP = code-url-handler.desktop
# environment
DBUS_SESSION_BUS_ADDRESS = unix:path=/run/user/1000/bus
# automatic
<D = $(patsubst %/,%,$(dir $<))
# environment
VSCODE_NLS_CONFIG = {"locale":"en-us","osLocale":"en-us","availableLanguages":{},"_languagePackSupport":true}
# default
MAKE_HOST := x86_64-pc-linux-gnu
# environment
GNOME_DESKTOP_SESSION_ID = this-is-deprecated
# makefile
SHELL = /bin/sh
# default
MAKECMDGOALS := all
# environment
GJS_DEBUG_TOPICS = JS ERROR;JS LOG
# environment
SHLVL = 0
# environment
MAKELEVEL := 0
# makefile (from 'Makefile', line 14)
FRONTVERSION := feature/go-9/jobworker_agent_integration
# default
MAKE = $(MAKE_COMMAND)
# environment
PATH = /home/denis/sdk/go1.19.8/bin:/home/denis/.local/bin:/home/denis/.local/bin:/usr/local/sbin:/usr/local/bin:/usr/sbin:/usr/bin:/sbin:/bin:/usr/games:/usr/local/games:/snap/bin:/home/denis/.local/share/JetBrains/Toolbox/scripts:/usr/local/go/bin:/home/denis/go/bin:/home/denis/.local/share/JetBrains/Toolbox/scripts
# default
MAKEFILES := 
# environment
LANGUAGE = en_US
# environment
LC_MONETARY = ru_RU.UTF-8
# automatic
^F = $(notdir $^)
# makefile (from 'Makefile', line 15)
FRONTTAGSTR := -b feature/go-9/jobworker_agent_integration
# environment
CINNAMON_VERSION = 5.4.8
# environment
LC_TELEPHONE = ru_RU.UTF-8
# environment
LESSCLOSE = /usr/bin/lesspipe %s %s
# automatic
?F = $(notdir $?)
# environment
XDG_SEAT = seat0
# environment
XDG_CURRENT_DESKTOP = X-Cinnamon
# automatic
+F = $(notdir $+)
# environment
XDG_SEAT_PATH = /org/freedesktop/DisplayManager/Seat0
# environment
LESS = -R
# environment
DESKTOP_SESSION = cinnamon
# environment
ORIGINAL_XDG_CURRENT_DESKTOP = X-Cinnamon
# makefile (from 'Makefile', line 2)
INSTALLPREFIX := "`pwd`/binaries"
# 'override' directive
GNUMAKEFLAGS := 
# environment
LOGNAME = denis
# environment
define COMP_WORDBREAKS
 	
"'><=;|&(
endef
# environment
GIO_LAUNCHED_DESKTOP_FILE = /usr/share/applications/code.desktop
# environment
XDG_VTNR = 7
# makefile
.DEFAULT_GOAL := build
# environment
EDITOR = vim
# environment
DISPLAY = :0
# environment
USER = denis
# environment
GTK_MODULES = gail:atk-bridge
# environment
DEFAULTS_PATH = /usr/share/gconf/cinnamon.default.path
# default
MAKE_VERSION := 4.3
# 'override' directive
.SHELLSTATUS := 0
# environment
LC_MEASUREMENT = ru_RU.UTF-8
# environment
GIO_LAUNCHED_DESKTOP_FILE_PID = 1508752
# environment
PAGER = less
# environment
_ = /usr/share/code/code
# environment
LC_PAPER = ru_RU.UTF-8
# environment
XDG_RUNTIME_DIR = /run/user/1000
# environment
GPG_AGENT_INFO = /run/user/1000/gnupg/S.gpg-agent:0:1
# environment
LC_CTYPE = en_US.UTF-8
# environment
GTK_OVERLAY_SCROLLING = 1
# environment
GOMODCACHE = /home/denis/go/pkg/mod
# environment
XDG_SESSION_CLASS = user
# environment
VSCODE_AMD_ENTRYPOINT = vs/workbench/api/node/extensionHostProcess
# environment
HOME = /home/denis
# environment
ELECTRON_RUN_AS_NODE = 1
# environment
VSCODE_IPC_HOOK = /run/user/1000/vscode-5e0b0481-1.77-main.sock
# environment
XDG_SESSION_ID = c2
# environment
GOPROXY = https://proxy.golang.org,direct
# default
.RECIPEPREFIX := 
# automatic
<F = $(notdir $<)
# makefile (from 'Makefile', line 7)
TAGSTR := -b feature/go-9/jobworker_agent_integration
# default
SUFFIXES := 
# environment
XDG_GREETER_DATA_DIR = /var/lib/lightdm-data/denis
# default
.FEATURES := target-specific order-only second-expansion else-if shortest-stem undefine oneshell nocomment grouped-target extra-prereqs archives jobserver output-sync check-symlink load
# environment
GDMSESSION = cinnamon
# environment
LC_IDENTIFICATION = ru_RU.UTF-8
# variable set hash-table stats:
# Load=120/1024=12%, Rehash=0, Collisions=11/162=7%

# Pattern-specific Variable Values

# No pattern-specific variable values.

# Directories

# . (device 2066, inode 12062564): 24 files, no impossibilities.

# 24 files, no impossibilities in 1 directories.

# Implicit Rules

# No implicit rules.

# Files

installdocs:
#  Implicit rule search has not been done.
#  Modification time never checked.
#  File has not been updated.
#  recipe to execute (from 'Makefile', line 69):
	# mkdir -p "$(INSTALLPREFIX)/etc/systemd/system"
	mkdir -p "$(INSTALLPREFIX)/share/docs"
 
	mkdir -p "$(INSTALLPREFIX)/etc"
	$(MAKE) -C api swaggerinstall INSTALLPREFIX="$(INSTALLPREFIX)/share/docs"
	cp -r docs/config.yml.example $(INSTALLPREFIX)/etc/config.yml.example
	cp -r docs/nginx.conf.example $(INSTALLPREFIX)/share/docs/nginx.conf.example
	# cp -r docs/services/* "$(INSTALLPREFIX)/etc/systemd/system"

buildhostutils: hostutils-get
#  Implicit rule search has not been done.
#  Modification time never checked.
#  File has not been updated.
#  recipe to execute (from 'Makefile', line 40):
	$(MAKE) -C hostutils

translate:
#  Implicit rule search has not been done.
#  Implicit/static pattern stem: ''
#  File does not exist.
#  File has been updated.
#  Needs to be updated (-q is set).
# automatic
# @ := translate
# automatic
# * := 
# automatic
# < := 
# automatic
# + := 
# automatic
# % := 
# automatic
# ^ := 
# automatic
# ? := 
# automatic
# | := 
# variable set hash-table stats:
# Load=8/32=25%, Rehash=0, Collisions=1/11=9%
#  recipe to execute (from 'Makefile', line 84):
	#go generate ./translations/translations.go

installhostutils:
#  Implicit rule search has not been done.
#  Modification time never checked.
#  File has not been updated.
#  recipe to execute (from 'Makefile', line 43):
	mkdir -p "$(INSTALLPREFIX)/bin"
	mkdir -p "$(INSTALLPREFIX)/hostutils"
	mkdir -p "$(INSTALLPREFIX)/etc"
	mkdir -p "$(INSTALLPREFIX)/share"
	$(MAKE) -C hostutils install INSTALLPREFIX="$(INSTALLPREFIX)/hostutils"

# Not a target:
Makefile:
#  Implicit rule search has been done.
#  Last modified 2023-04-10 17:17:55.120026396
#  File has been updated.
#  Successfully updated.

clean:
#  Implicit rule search has not been done.
#  Modification time never checked.
#  File has not been updated.
#  recipe to execute (from 'Makefile', line 90):
	$(MAKE) clean -C api
	$(MAKE) clean -C jobworker
	$(MAKE) clean -C scheduler
	$(MAKE) clean -C ./libs/patches
	rm -f ./translations/catalog.go
	rm -rf binaries/*

buildall: translate build buildhostutils patch
#  Implicit rule search has been done.
#  File does not exist.
#  File has been updated.
#  Needs to be updated (-q is set).
# variable set hash-table stats:
# Load=0/32=0%, Rehash=0, Collisions=0/3=0%

cleanall: clean
#  Implicit rule search has not been done.
#  Modification time never checked.
#  File has not been updated.
#  recipe to execute (from 'Makefile', line 98):
	rm -rf hostutils
	rm -rf build
	rm -rf frontend
	rm -rf tools/*

installall: install installhostutils
#  Implicit rule search has not been done.
#  Modification time never checked.
#  File has not been updated.

prepareforpkg: hostutils-get tools-get
#  Implicit rule search has not been done.
#  Modification time never checked.
#  File has not been updated.
#  recipe to execute (from 'Makefile', line 54):
	echo "FRONTVER: $(FRONTVER); FRONTTAGSTR: $(FRONTTAGSTR); FRONTVERSION: $(FRONTVERSION)"
	mkdir -p build/hostutils
	mkdir -p build/frontend
	git archive $(VERSION) | tar -x -C build
	cd hostutils &&	git archive $(VERSION) | tar -x -C ../build/hostutils
	cp -r tools build/tools
	echo $(VERSION) > build/version.txt
	# cd frontend && git archive $(FRONTVERSION) | tar -x -C ../build/frontend

# Not a target:
.DEFAULT:
#  Implicit rule search has not been done.
#  Modification time never checked.
#  File has not been updated.

hostutils-get:
#  Implicit rule search has not been done.
#  Modification time never checked.
#  File has not been updated.
#  recipe to execute (from 'Makefile', line 78):
	if test -d hostutils; \
        then echo "HostUtils exists"; \
        else git clone $(TAGSTR) --single-branch git@gitlab.mindsw.io:/mind-migration/hostutils.git; \
        fi

all: buildall installall
#  Command line target.
#  Implicit rule search has been done.
#  File does not exist.
#  File has been updated.
#  Needs to be updated (-q is set).
# variable set hash-table stats:
# Load=0/32=0%, Rehash=0, Collisions=0/3=0%

patch:
#  Implicit rule search has not been done.
#  Modification time never checked.
#  File has not been updated.
#  recipe to execute (from 'Makefile', line 87):
	$(MAKE) -C ./libs/patches

build:
#  Implicit rule search has not been done.
#  Modification time never checked.
#  File has not been updated.
#  recipe to execute (from 'Makefile', line 22):
	$(MAKE) -C jobworker VERSION=$(VERSION)
	$(MAKE) -C api VERSION=$(VERSION)
	$(MAKE) -C scheduler VERSION=$(VERSION)
	$(MAKE) -C libs/patches VERSION=$(VERSION)

tools-get:
#  Implicit rule search has not been done.
#  Modification time never checked.
#  File has not been updated.
#  recipe to execute (from 'Makefile', line 64):
	scp -r root@artifacts.mindsw.io:/var/www/artifacts/tools/* tools/

install: installdocs
#  Implicit rule search has not been done.
#  Modification time never checked.
#  File has not been updated.
#  recipe to execute (from 'Makefile', line 28):
	$(MAKE) -C libs/patches install
	mkdir -p "$(INSTALLPREFIX)/bin"
	mkdir -p "$(INSTALLPREFIX)/etc"
	mkdir -p "$(INSTALLPREFIX)/share/drivers"
	mkdir -p "$(INSTALLPREFIX)/share/upload"
	mkdir -p "$(INSTALLPREFIX)/share/userscripts"
	cp -r share/* "$(INSTALLPREFIX)/share/"
	$(MAKE) -C api install INSTALLPREFIX="$(INSTALLPREFIX)/bin"
	$(MAKE) -C jobworker install INSTALLPREFIX="$(INSTALLPREFIX)/bin"
	$(MAKE) -C scheduler install INSTALLPREFIX="$(INSTALLPREFIX)/bin"

# Not a target:
.SUFFIXES:
#  Implicit rule search has not been done.
#  Modification time never checked.
#  File has not been updated.

# files hash-table stats:
# Load=18/1024=2%, Rehash=0, Collisions=0/49=0%
# VPATH Search Paths

# No 'vpath' search paths.

# No general ('VPATH' variable) search path.

# strcache buffers: 1 (0) / strings = 43 / storage = 376 B / avg = 8 B
# current buf: size = 8162 B / used = 376 B / count = 43 / avg = 8 B

# strcache performance: lookups = 77 / hit rate = 44%
# hash-table stats:
# Load=43/8192=1%, Rehash=0, Collisions=0/77=0%
# Finished Make data base on Tue Apr 11 20:58:12 2023

 
